Arguments: 
  C:\Program Files\nodejs\node.exe C:\Program Files (x86)\Yarn\bin\yarn.js build

PATH: 
  C:\Program Files\Git\mingw64\bin;C:\Program Files\Git\usr\bin;C:\Users\RaseL\bin;C:\Windows\system32;C:\Windows;C:\Windows\System32\Wbem;C:\Windows\System32\WindowsPowerShell\v1.0;C:\Windows\System32\OpenSSH;C:\Program Files\Git\cmd;C:\Program Files (x86)\Yarn\bin;C:\Program Files\Microsoft VS Code\bin;C:\Program Files\nodejs;C:\Program Files\dotnet;C:\Program Files (x86)\dotnet;C:\Users\RaseL\AppData\Local\Microsoft\WindowsApps;C:\Users\RaseL\AppData\Local\Yarn\bin;C:\Users\RaseL\AppData\Local\JetBrains\Toolbox\scripts;C:\Program Files\MongoDB\Server\5.0\bin;C:\Users\RaseL\AppData\Roaming\npm;E:\Other projects\task-manager\server\node_modules\.bin

Yarn version: 
  1.22.5

Node version: 
  16.13.0

Platform: 
  win32 x64

Trace: 
  SyntaxError: E:\Other projects\task-manager\server\package.json: Unexpected string in JSON at position 187
      at JSON.parse (<anonymous>)
      at C:\Program Files (x86)\Yarn\lib\cli.js:1625:59
      at Generator.next (<anonymous>)
      at step (C:\Program Files (x86)\Yarn\lib\cli.js:310:30)
      at C:\Program Files (x86)\Yarn\lib\cli.js:321:13

npm manifest: 
  {
    "name": "task-manager-server",
    "version": "1.0.0",
    "description": "",
    "main": "index.js",
    "scripts": {
      "dev": "ts-node-dev --respawn --transpile-only ./src/server.ts"
      "build": "tsc",
      "start": "node index.js"
    },
    "author": "rasel mahmud",
    "license": "ISC",
    "dependencies": {
      "@types/bcryptjs": "^2.4.2",
      "bcryptjs": "^2.4.3",
      "cors": "^2.8.5",
      "dotenv": "^16.0.3",
      "express": "^4.18.2",
      "jsonwebtoken": "^9.0.0",
      "mongodb": "^4.13.0"
    },
    "devDependencies": {
      "@types/cors": "^2.8.13",
      "@types/express": "^4.17.15",
      "ts-node-dev": "^2.0.0",
      "typescript": "^4.9.4"
    }
  }

yarn manifest: 
  No manifest

Lockfile: 
  No lockfile
